0 verbose cli /usr/bin/node /usr/bin/npm
1 info using npm@8.19.2
2 info using node@v16.18.1
3 timing npm:load:whichnode Completed in 0ms
4 timing config:load:defaults Completed in 5ms
5 timing config:load:file:/usr/lib/node_modules/npm/npmrc Completed in 2ms
6 timing config:load:builtin Completed in 3ms
7 timing config:load:cli Completed in 10ms
8 timing config:load:env Completed in 1ms
9 timing config:load:file:/var/www/.npmrc Completed in 8ms
10 timing config:load:project Completed in 17ms
11 timing config:load:file:/var/www/html/.npmrc Completed in 1ms
12 timing config:load:user Completed in 1ms
13 timing config:load:file:/usr/etc/npmrc Completed in 0ms
14 timing config:load:global Completed in 1ms
15 timing config:load:validate Completed in 0ms
16 timing config:load:credentials Completed in 3ms
17 timing config:load:setEnvs Completed in 2ms
18 timing config:load Completed in 44ms
19 timing npm:load:configload Completed in 44ms
20 timing npm:load:mkdirpcache Completed in 5ms
21 timing npm:load:mkdirplogs Completed in 3ms
22 verbose title npm run dev
23 verbose argv "run" "dev"
24 timing npm:load:setTitle Completed in 3ms
25 timing config:load:flatten Completed in 9ms
26 timing npm:load:display Completed in 15ms
27 verbose logfile logs-max:10 dir:/var/www/html/.npm/_logs
28 verbose logfile /var/www/html/.npm/_logs/2023-03-15T11_45_06_176Z-debug-0.log
29 timing npm:load:logFile Completed in 17ms
30 timing npm:load:timers Completed in 0ms
31 timing npm:load:configScope Completed in 0ms
32 timing npm:load Completed in 92ms
33 silly logfile done cleaning log files
34 timing command:run Completed in 95ms
35 verbose stack Error: Missing script: "dev"
35 verbose stack
35 verbose stack To see a list of scripts, run:
35 verbose stack   npm run
35 verbose stack     at RunScript.run (/usr/lib/node_modules/npm/lib/commands/run-script.js:98:13)
35 verbose stack     at async module.exports (/usr/lib/node_modules/npm/lib/cli.js:78:5)
36 verbose cwd /var/www/html
37 verbose Linux 5.10.0-21-amd64
38 verbose node v16.18.1
39 verbose npm  v8.19.2
40 error Missing script: "dev"
40 error
40 error To see a list of scripts, run:
40 error   npm run
41 verbose exit 1
42 timing npm Completed in 222ms
43 verbose code 1
44 error A complete log of this run can be found in:
44 error     /var/www/html/.npm/_logs/2023-03-15T11_45_06_176Z-debug-0.log
